<?xml version="1.0" encoding="UTF-8" ?>
<testsuite tests="4" failures="0" name="com.kbogova.summatrixes.MatrixesSummatorTest" time="0.121" errors="0" skipped="0">
  <properties>
    <property name="java.runtime.name" value="Java(TM) SE Runtime Environment"/>
    <property name="java.vm.version" value="14+36-1461"/>
    <property name="sun.boot.library.path" value="/Library/Java/JavaVirtualMachines/jdk-14.jdk/Contents/Home/lib"/>
    <property name="maven.multiModuleProjectDirectory" value="/Users/elkabelaya/Documents/architecture/dz/adapter/SumMatrixes"/>
    <property name="java.vm.vendor" value="Oracle Corporation"/>
    <property name="java.vendor.url" value="https://java.oracle.com/"/>
    <property name="guice.disable.misplaced.annotation.check" value="true"/>
    <property name="path.separator" value=":"/>
    <property name="java.vm.name" value="Java HotSpot(TM) 64-Bit Server VM"/>
    <property name="user.country" value="GB"/>
    <property name="sun.java.launcher" value="SUN_STANDARD"/>
    <property name="java.vm.specification.name" value="Java Virtual Machine Specification"/>
    <property name="user.dir" value="/Users/elkabelaya/Documents/architecture/dz/adapter/SumMatrixes"/>
    <property name="java.vm.compressedOopsMode" value="Zero based"/>
    <property name="java.runtime.version" value="14+36-1461"/>
    <property name="os.arch" value="x86_64"/>
    <property name="java.io.tmpdir" value="/var/folders/jt/jmp2xh7d1n199sw64ywxph940000gn/T/"/>
    <property name="line.separator" value="
"/>
    <property name="java.vm.specification.vendor" value="Oracle Corporation"/>
    <property name="os.name" value="Mac OS X"/>
    <property name="maven.ext.class.path" value="/Applications/NetBeans/Apache NetBeans 12.0.app/Contents/Resources/NetBeans/netbeans/java/maven-nblib/netbeans-eventspy.jar"/>
    <property name="classworlds.conf" value="/Applications/NetBeans/Apache NetBeans 12.0.app/Contents/Resources/NetBeans/netbeans/java/maven/bin/m2.conf"/>
    <property name="sun.jnu.encoding" value="UTF-8"/>
    <property name="java.library.path" value="/Users/elkabelaya/Library/Java/Extensions:/Library/Java/Extensions:/Network/Library/Java/Extensions:/System/Library/Java/Extensions:/usr/lib/java:."/>
    <property name="maven.conf" value="/Applications/NetBeans/Apache NetBeans 12.0.app/Contents/Resources/NetBeans/netbeans/java/maven/conf"/>
    <property name="jdk.debug" value="release"/>
    <property name="java.class.version" value="58.0"/>
    <property name="java.specification.name" value="Java Platform API Specification"/>
    <property name="sun.management.compiler" value="HotSpot 64-Bit Tiered Compilers"/>
    <property name="os.version" value="10.15.4"/>
    <property name="library.jansi.path" value="/Applications/NetBeans/Apache NetBeans 12.0.app/Contents/Resources/NetBeans/netbeans/java/maven/lib/jansi-native"/>
    <property name="http.nonProxyHosts" value="local,|*.local,|169.254/16|*.169.254/16"/>
    <property name="user.home" value="/Users/elkabelaya"/>
    <property name="user.timezone" value="Europe/Moscow"/>
    <property name="file.encoding" value="UTF-8"/>
    <property name="java.specification.version" value="14"/>
    <property name="user.name" value="elkabelaya"/>
    <property name="java.class.path" value="/Applications/NetBeans/Apache NetBeans 12.0.app/Contents/Resources/NetBeans/netbeans/java/maven/boot/plexus-classworlds-2.6.0.jar"/>
    <property name="java.vm.specification.version" value="14"/>
    <property name="sun.arch.data.model" value="64"/>
    <property name="sun.java.command" value="org.codehaus.plexus.classworlds.launcher.Launcher -Dmaven.ext.class.path=/Applications/NetBeans/Apache NetBeans 12.0.app/Contents/Resources/NetBeans/netbeans/java/maven-nblib/netbeans-eventspy.jar test"/>
    <property name="java.home" value="/Library/Java/JavaVirtualMachines/jdk-14.jdk/Contents/Home"/>
    <property name="user.language" value="en"/>
    <property name="java.specification.vendor" value="Oracle Corporation"/>
    <property name="java.vm.info" value="mixed mode, sharing"/>
    <property name="java.version" value="14"/>
    <property name="java.vendor" value="Oracle Corporation"/>
    <property name="maven.home" value="/Applications/NetBeans/Apache NetBeans 12.0.app/Contents/Resources/NetBeans/netbeans/java/maven"/>
    <property name="file.separator" value="/"/>
    <property name="java.version.date" value="2020-03-17"/>
    <property name="java.vendor.url.bug" value="https://bugreport.java.com/bugreport/"/>
    <property name="sun.io.unicode.encoding" value="UnicodeBig"/>
    <property name="sun.cpu.endian" value="little"/>
    <property name="socksNonProxyHosts" value="local,|*.local,|169.254/16|*.169.254/16"/>
    <property name="ftp.nonProxyHosts" value="local,|*.local,|169.254/16|*.169.254/16"/>
  </properties>
  <testcase classname="com.kbogova.summatrixes.MatrixesSummatorTest" name="com.kbogova.summatrixes.MatrixesSummatorTest.testRun_WrongDimensions" time="0.071"/>
  <testcase classname="com.kbogova.summatrixes.MatrixesSummatorTest" name="com.kbogova.summatrixes.MatrixesSummatorTest.testRun_EmptyFile" time="0"/>
  <testcase classname="com.kbogova.summatrixes.MatrixesSummatorTest" name="com.kbogova.summatrixes.MatrixesSummatorTest.testRun_3x3" time="0.044"/>
  <testcase classname="com.kbogova.summatrixes.MatrixesSummatorTest" name="com.kbogova.summatrixes.MatrixesSummatorTest.testRun_WrongFileStructure" time="0.006"/>
</testsuite>